{
  "stats": {
    "suites": 18,
    "tests": 35,
    "passes": 26,
    "pending": 0,
    "failures": 9,
    "start": "2022-03-24T23:17:16.362Z",
    "end": "2022-03-24T23:18:47.925Z",
    "duration": 91563,
    "testsRegistered": 35,
    "passPercent": 74.28571428571429,
    "pendingPercent": 0,
    "other": 0,
    "hasOther": false,
    "skipped": 0,
    "hasSkipped": false
  },
  "results": [
    {
      "uuid": "a20ec8ef-111b-4b17-99fe-a6aa27cb0b32",
      "title": "",
      "fullFile": "cypress/integration/project.spec.js",
      "file": "cypress/integration/project.spec.js",
      "beforeHooks": [],
      "afterHooks": [],
      "tests": [],
      "suites": [
        {
          "uuid": "b68a5092-58de-4d1b-b4dc-4ff61f099055",
          "title": "1 - Deve haver um `input` com o id=\"carta-texto\" onde o usuário poderá digitar o conteúdo da carta",
          "fullFile": "",
          "file": "",
          "beforeHooks": [],
          "afterHooks": [],
          "tests": [
            {
              "title": "Será validado que existe um elemento `input` com `id=carta-texto`",
              "fullTitle": "1 - Deve haver um `input` com o id=\"carta-texto\" onde o usuário poderá digitar o conteúdo da carta Será validado que existe um elemento `input` com `id=carta-texto`",
              "timedOut": null,
              "duration": 1503,
              "state": "passed",
              "speed": "slow",
              "pass": true,
              "fail": false,
              "pending": false,
              "context": null,
              "code": "cy.get(LETTER_INPUT_SELECTOR).should('exist');",
              "err": {},
              "uuid": "b29eed47-71f3-40af-9494-496237480780",
              "parentUUID": "b68a5092-58de-4d1b-b4dc-4ff61f099055",
              "isHook": false,
              "skipped": false
            }
          ],
          "suites": [],
          "passes": [
            "b29eed47-71f3-40af-9494-496237480780"
          ],
          "failures": [],
          "pending": [],
          "skipped": [],
          "duration": 1503,
          "root": false,
          "rootEmpty": false,
          "_timeout": 2000
        },
        {
          "uuid": "815f319b-f26f-42a3-8536-2a97f8c6aa72",
          "title": "2 - Deve haver um parágrafo com o id=\"carta-gerada\" onde o usuário verá o resultado de sua carta misteriosa",
          "fullFile": "",
          "file": "",
          "beforeHooks": [],
          "afterHooks": [],
          "tests": [
            {
              "title": "Será validado que existe um elemento `p` com o `id=\"carta-gerada\"`",
              "fullTitle": "2 - Deve haver um parágrafo com o id=\"carta-gerada\" onde o usuário verá o resultado de sua carta misteriosa Será validado que existe um elemento `p` com o `id=\"carta-gerada\"`",
              "timedOut": null,
              "duration": 967,
              "state": "passed",
              "speed": "slow",
              "pass": true,
              "fail": false,
              "pending": false,
              "context": null,
              "code": "cy.get(LETTER_GENERATED_P_SELECTOR).should('exist');",
              "err": {},
              "uuid": "22aa3bcc-cda7-4f9d-b04e-519466dec72c",
              "parentUUID": "815f319b-f26f-42a3-8536-2a97f8c6aa72",
              "isHook": false,
              "skipped": false
            }
          ],
          "suites": [],
          "passes": [
            "22aa3bcc-cda7-4f9d-b04e-519466dec72c"
          ],
          "failures": [],
          "pending": [],
          "skipped": [],
          "duration": 967,
          "root": false,
          "rootEmpty": false,
          "_timeout": 2000
        },
        {
          "uuid": "707f0b47-08d6-4f06-9659-d77d7b9cde25",
          "title": "3 - Deve haver um botão com id=\"criar-carta\" e ao clicar nesse botão, a carta misteriosa deve ser gerada",
          "fullFile": "",
          "file": "",
          "beforeHooks": [],
          "afterHooks": [],
          "tests": [
            {
              "title": "Será validado que existe um elemento button com `id=\"criar-carta\"`",
              "fullTitle": "3 - Deve haver um botão com id=\"criar-carta\" e ao clicar nesse botão, a carta misteriosa deve ser gerada Será validado que existe um elemento button com `id=\"criar-carta\"`",
              "timedOut": null,
              "duration": 1313,
              "state": "passed",
              "speed": "slow",
              "pass": true,
              "fail": false,
              "pending": false,
              "context": null,
              "code": "cy.get(LETTER_ADD_BUTTON_SELECTOR).should('exist');",
              "err": {},
              "uuid": "c0adb910-debb-4208-b250-31d7085c109f",
              "parentUUID": "707f0b47-08d6-4f06-9659-d77d7b9cde25",
              "isHook": false,
              "skipped": false
            },
            {
              "title": "Será validado que ao clicar no botão, a carta misteriosa deve ser gerada",
              "fullTitle": "3 - Deve haver um botão com id=\"criar-carta\" e ao clicar nesse botão, a carta misteriosa deve ser gerada Será validado que ao clicar no botão, a carta misteriosa deve ser gerada",
              "timedOut": null,
              "duration": 9001,
              "state": "failed",
              "speed": null,
              "pass": false,
              "fail": true,
              "pending": false,
              "context": null,
              "code": "var letterContent1 = 'esta é uma carta com 7 palavras';\ncheckLetterContent(letterContent1);\nvar letterContent2 = 'esta é uma carta com 2 palavras a mais';\ncheckLetterContent(letterContent2);",
              "err": {
                "message": "CypressError: Timed out retrying: Expected to find element: 'p#carta-gerada>span', but never found it.",
                "estack": "CypressError: Timed out retrying: Expected to find element: 'p#carta-gerada>span', but never found it.\n    at cypressErr (http://localhost:36951/__cypress/runner/cypress_runner.js:149934:9)\n    at throwErr (http://localhost:36951/__cypress/runner/cypress_runner.js:149867:11)\n    at Object.throwErrByPath (http://localhost:36951/__cypress/runner/cypress_runner.js:149915:3)\n    at retry (http://localhost:36951/__cypress/runner/cypress_runner.js:144197:19)\n    at onFailFn (http://localhost:36951/__cypress/runner/cypress_runner.js:132448:16)\n    at tryCatcher (http://localhost:36951/__cypress/runner/cypress_runner.js:167415:23)\n    at Promise._settlePromiseFromHandler (http://localhost:36951/__cypress/runner/cypress_runner.js:165351:31)\n    at Promise._settlePromise (http://localhost:36951/__cypress/runner/cypress_runner.js:165408:18)\n    at Promise._settlePromise0 (http://localhost:36951/__cypress/runner/cypress_runner.js:165453:10)\n    at Promise._settlePromises (http://localhost:36951/__cypress/runner/cypress_runner.js:165528:18)\n    at Async../node_modules/bluebird/js/release/async.js.Async._drainQueue (http://localhost:36951/__cypress/runner/cypress_runner.js:162140:16)\n    at Async../node_modules/bluebird/js/release/async.js.Async._drainQueues (http://localhost:36951/__cypress/runner/cypress_runner.js:162150:10)\n    at Async.drainQueues (http://localhost:36951/__cypress/runner/cypress_runner.js:162024:14)",
                "diff": null
              },
              "uuid": "db3cb555-5bbe-43fa-b1c1-05957411c811",
              "parentUUID": "707f0b47-08d6-4f06-9659-d77d7b9cde25",
              "isHook": false,
              "skipped": false
            }
          ],
          "suites": [],
          "passes": [
            "c0adb910-debb-4208-b250-31d7085c109f"
          ],
          "failures": [
            "db3cb555-5bbe-43fa-b1c1-05957411c811"
          ],
          "pending": [],
          "skipped": [],
          "duration": 10314,
          "root": false,
          "rootEmpty": false,
          "_timeout": 2000
        },
        {
          "uuid": "5bc08ca5-8db8-48ad-8ab2-ffd69cd55889",
          "title": "4 - Ao criar uma carta através do botão com id=\"criar-carta\", o `input` com id=\"carta-texto\" deve permanecer com o texto digitado",
          "fullFile": "",
          "file": "",
          "beforeHooks": [],
          "afterHooks": [],
          "tests": [
            {
              "title": "Será validado que ao criar uma carta através do botão `id=\"criar-carta\"` o input` com id=\"carta-texto\" permanece com o texto digitado",
              "fullTitle": "4 - Ao criar uma carta através do botão com id=\"criar-carta\", o `input` com id=\"carta-texto\" deve permanecer com o texto digitado Será validado que ao criar uma carta através do botão `id=\"criar-carta\"` o input` com id=\"carta-texto\" permanece com o texto digitado",
              "timedOut": null,
              "duration": 2233,
              "state": "passed",
              "speed": "slow",
              "pass": true,
              "fail": false,
              "pending": false,
              "context": null,
              "code": "var letterContent = 'esta é uma outra carta';\ncy.get(LETTER_ADD_BUTTON_SELECTOR).should('exist');\ncy.get(LETTER_INPUT_SELECTOR).type(letterContent);\ncy.get(LETTER_ADD_BUTTON_SELECTOR).click();\ncy.get(LETTER_INPUT_SELECTOR).should('have.value', letterContent);",
              "err": {},
              "uuid": "005bc64e-693b-4c69-b788-5b9b16eff314",
              "parentUUID": "5bc08ca5-8db8-48ad-8ab2-ffd69cd55889",
              "isHook": false,
              "skipped": false
            }
          ],
          "suites": [],
          "passes": [
            "005bc64e-693b-4c69-b788-5b9b16eff314"
          ],
          "failures": [],
          "pending": [],
          "skipped": [],
          "duration": 2233,
          "root": false,
          "rootEmpty": false,
          "_timeout": 2000
        },
        {
          "uuid": "bb218707-6fc3-4061-b6be-3331003cbdd0",
          "title": "5 - Se o usuário não preencher o campo ou preencher com apenas espaços vazios adicionar a mensagem 'Por favor, digite o conteúdo da carta.'",
          "fullFile": "",
          "file": "",
          "beforeHooks": [],
          "afterHooks": [],
          "tests": [
            {
              "title": "Será validado que irá exibir a mensagem \"Por favor, digite o conteúdo da carta.\" no elemento `p` com o `id=\"carta-gerada\"",
              "fullTitle": "5 - Se o usuário não preencher o campo ou preencher com apenas espaços vazios adicionar a mensagem 'Por favor, digite o conteúdo da carta.' Será validado que irá exibir a mensagem \"Por favor, digite o conteúdo da carta.\" no elemento `p` com o `id=\"carta-gerada\"",
              "timedOut": null,
              "duration": 2165,
              "state": "failed",
              "speed": null,
              "pass": false,
              "fail": true,
              "pending": false,
              "context": null,
              "code": "var letterContent = ' ';\ncy.get(LETTER_INPUT_SELECTOR).type(letterContent);\ncy.get(LETTER_ADD_BUTTON_SELECTOR).click();\ncy.get(LETTER_GENERATED_P_SELECTOR).each(function ($el, index) {\n  var span = $el[0];\n  expect(span.innerText.toLowerCase()).to.be.equal(LETTER_BLANK_MESSAGE.toLowerCase());\n});",
              "err": {
                "message": "AssertionError: expected '' to equal 'por favor, digite o conteúdo da carta.'",
                "estack": "AssertionError: expected '' to equal 'por favor, digite o conteúdo da carta.'\n    at callback (http://localhost:36951/__cypress/runner/cypress_runner.js:136947:20)\n    at getRet (http://localhost:36951/__cypress/runner/cypress_runner.js:136585:16)\n    at tryCatcher (http://localhost:36951/__cypress/runner/cypress_runner.js:167415:23)\n    at Function.Promise.attempt.Promise.try (http://localhost:36951/__cypress/runner/cypress_runner.js:164690:29)\n    at thenFn (http://localhost:36951/__cypress/runner/cypress_runner.js:136599:23)\n    at yieldItem (http://localhost:36951/__cypress/runner/cypress_runner.js:136954:16)\n    at tryCatcher (http://localhost:36951/__cypress/runner/cypress_runner.js:167415:23)\n    at Object.gotValue (http://localhost:36951/__cypress/runner/cypress_runner.js:166557:18)\n    at Object.gotAccum (http://localhost:36951/__cypress/runner/cypress_runner.js:166546:25)\n    at Object.tryCatcher (http://localhost:36951/__cypress/runner/cypress_runner.js:167415:23)\n    at Promise._settlePromiseFromHandler (http://localhost:36951/__cypress/runner/cypress_runner.js:165351:31)\n    at Promise._settlePromise (http://localhost:36951/__cypress/runner/cypress_runner.js:165408:18)\n    at Promise._settlePromiseCtx (http://localhost:36951/__cypress/runner/cypress_runner.js:165445:10)\n    at Async../node_modules/bluebird/js/release/async.js.Async._drainQueue (http://localhost:36951/__cypress/runner/cypress_runner.js:162145:12)\n    at Async../node_modules/bluebird/js/release/async.js.Async._drainQueues (http://localhost:36951/__cypress/runner/cypress_runner.js:162150:10)\n    at Async.drainQueues (http://localhost:36951/__cypress/runner/cypress_runner.js:162024:14)",
                "diff": "+ 'por favor, digite o conteúdo da carta.'\n"
              },
              "uuid": "3969dab4-4912-4d85-ba7f-ee28b9c3b038",
              "parentUUID": "bb218707-6fc3-4061-b6be-3331003cbdd0",
              "isHook": false,
              "skipped": false
            }
          ],
          "suites": [],
          "passes": [],
          "failures": [
            "3969dab4-4912-4d85-ba7f-ee28b9c3b038"
          ],
          "pending": [],
          "skipped": [],
          "duration": 2165,
          "root": false,
          "rootEmpty": false,
          "_timeout": 2000
        },
        {
          "uuid": "5fdb8269-49c3-4545-998c-661209b66f10",
          "title": "6 - Crie a classe `newspaper`",
          "fullFile": "",
          "file": "",
          "beforeHooks": [],
          "afterHooks": [],
          "tests": [
            {
              "title": "Será validado se a classe `newspaper` possui a propriedade `background-color` igual a rgb(250, 235, 215)",
              "fullTitle": "6 - Crie a classe `newspaper` Será validado se a classe `newspaper` possui a propriedade `background-color` igual a rgb(250, 235, 215)",
              "timedOut": null,
              "duration": 367,
              "state": "passed",
              "speed": "slow",
              "pass": true,
              "fail": false,
              "pending": false,
              "context": null,
              "code": "var properties = [{\n  key: 'background-color',\n  value: 'rgb(250, 235, 215)'\n}];\ncheckClass('newspaper', properties);",
              "err": {},
              "uuid": "0ea029ba-df03-42ae-9426-e2a1c6de44dd",
              "parentUUID": "5fdb8269-49c3-4545-998c-661209b66f10",
              "isHook": false,
              "skipped": false
            },
            {
              "title": "Será validado se a classe `newspaper` possui `font-family` igual a \"Times New Roman\"",
              "fullTitle": "6 - Crie a classe `newspaper` Será validado se a classe `newspaper` possui `font-family` igual a \"Times New Roman\"",
              "timedOut": null,
              "duration": 180,
              "state": "passed",
              "speed": "slow",
              "pass": true,
              "fail": false,
              "pending": false,
              "context": null,
              "code": "var properties = [{\n  key: 'font-family',\n  value: 'Times New Roman',\n  match: true\n}];\ncheckClass('newspaper', properties);",
              "err": {},
              "uuid": "b4a74d2f-9c0e-44e5-b994-1a8cf1dca41e",
              "parentUUID": "5fdb8269-49c3-4545-998c-661209b66f10",
              "isHook": false,
              "skipped": false
            },
            {
              "title": "Será validado se a classe `newspaper` possui a propriedade `font-weight` igual a 700",
              "fullTitle": "6 - Crie a classe `newspaper` Será validado se a classe `newspaper` possui a propriedade `font-weight` igual a 700",
              "timedOut": null,
              "duration": 214,
              "state": "passed",
              "speed": "slow",
              "pass": true,
              "fail": false,
              "pending": false,
              "context": null,
              "code": "var properties = [{\n  key: 'font-weight',\n  value: '700'\n}];\ncheckClass('newspaper', properties);",
              "err": {},
              "uuid": "4e450347-fdf2-4882-9fed-7f098923a0c0",
              "parentUUID": "5fdb8269-49c3-4545-998c-661209b66f10",
              "isHook": false,
              "skipped": false
            }
          ],
          "suites": [],
          "passes": [
            "0ea029ba-df03-42ae-9426-e2a1c6de44dd",
            "b4a74d2f-9c0e-44e5-b994-1a8cf1dca41e",
            "4e450347-fdf2-4882-9fed-7f098923a0c0"
          ],
          "failures": [],
          "pending": [],
          "skipped": [],
          "duration": 761,
          "root": false,
          "rootEmpty": false,
          "_timeout": 2000
        },
        {
          "uuid": "8faa4559-a3c2-477e-abc0-5dacad89aae7",
          "title": "7 - Crie a classe `magazine1`",
          "fullFile": "",
          "file": "",
          "beforeHooks": [],
          "afterHooks": [],
          "tests": [
            {
              "title": "Será validado se a classe `magazine1` possui a propriedade `background-color` igual a rgb(0, 128, 128)`",
              "fullTitle": "7 - Crie a classe `magazine1` Será validado se a classe `magazine1` possui a propriedade `background-color` igual a rgb(0, 128, 128)`",
              "timedOut": null,
              "duration": 312,
              "state": "passed",
              "speed": "slow",
              "pass": true,
              "fail": false,
              "pending": false,
              "context": null,
              "code": "var properties = [{\n  key: 'background-color',\n  value: 'rgb(0, 128, 128)'\n}];\ncheckClass('magazine1', properties);",
              "err": {},
              "uuid": "146e910a-9b31-467b-82aa-7256192d65f3",
              "parentUUID": "8faa4559-a3c2-477e-abc0-5dacad89aae7",
              "isHook": false,
              "skipped": false
            },
            {
              "title": "Será validado se a classe `magazine1` possui  a propriedade `color` igual a rgb(255, 255, 255)`",
              "fullTitle": "7 - Crie a classe `magazine1` Será validado se a classe `magazine1` possui  a propriedade `color` igual a rgb(255, 255, 255)`",
              "timedOut": null,
              "duration": 233,
              "state": "passed",
              "speed": "slow",
              "pass": true,
              "fail": false,
              "pending": false,
              "context": null,
              "code": "var properties = [{\n  key: 'color',\n  value: 'rgb(255, 255, 255)'\n}];\ncheckClass('magazine1', properties);",
              "err": {},
              "uuid": "cd289813-7522-4867-b63b-7f26a4c608a4",
              "parentUUID": "8faa4559-a3c2-477e-abc0-5dacad89aae7",
              "isHook": false,
              "skipped": false
            },
            {
              "title": "Será validado se a classe `magazine1` possui propriedade `font-family` igual a \"Verdana\"",
              "fullTitle": "7 - Crie a classe `magazine1` Será validado se a classe `magazine1` possui propriedade `font-family` igual a \"Verdana\"",
              "timedOut": null,
              "duration": 178,
              "state": "passed",
              "speed": "slow",
              "pass": true,
              "fail": false,
              "pending": false,
              "context": null,
              "code": "var properties = [{\n  key: 'font-family',\n  value: 'Verdana',\n  match: true\n}];\ncheckClass('magazine1', properties);",
              "err": {},
              "uuid": "07872eec-0c0c-45ff-a6c8-160b39c3bfd3",
              "parentUUID": "8faa4559-a3c2-477e-abc0-5dacad89aae7",
              "isHook": false,
              "skipped": false
            },
            {
              "title": " Será validado se a classe `magazine1` possui a propriedade `font-weight` igual a \"900\"",
              "fullTitle": "7 - Crie a classe `magazine1`  Será validado se a classe `magazine1` possui a propriedade `font-weight` igual a \"900\"",
              "timedOut": null,
              "duration": 265,
              "state": "passed",
              "speed": "slow",
              "pass": true,
              "fail": false,
              "pending": false,
              "context": null,
              "code": "var properties = [{\n  key: 'font-weight',\n  value: '900'\n}];\ncheckClass('magazine1', properties);",
              "err": {},
              "uuid": "68f03944-8470-42ae-8af3-067bb841aa23",
              "parentUUID": "8faa4559-a3c2-477e-abc0-5dacad89aae7",
              "isHook": false,
              "skipped": false
            },
            {
              "title": "Será validado se a classe `magazine1` possui a propriedade `text-transform` igual a \"uppercase\"`",
              "fullTitle": "7 - Crie a classe `magazine1` Será validado se a classe `magazine1` possui a propriedade `text-transform` igual a \"uppercase\"`",
              "timedOut": null,
              "duration": 252,
              "state": "passed",
              "speed": "slow",
              "pass": true,
              "fail": false,
              "pending": false,
              "context": null,
              "code": "var properties = [{\n  key: 'text-transform',\n  value: 'uppercase'\n}];\ncheckClass('magazine1', properties);",
              "err": {},
              "uuid": "6e40ab54-b3f8-456b-ab53-47bb5438398a",
              "parentUUID": "8faa4559-a3c2-477e-abc0-5dacad89aae7",
              "isHook": false,
              "skipped": false
            }
          ],
          "suites": [],
          "passes": [
            "146e910a-9b31-467b-82aa-7256192d65f3",
            "cd289813-7522-4867-b63b-7f26a4c608a4",
            "07872eec-0c0c-45ff-a6c8-160b39c3bfd3",
            "68f03944-8470-42ae-8af3-067bb841aa23",
            "6e40ab54-b3f8-456b-ab53-47bb5438398a"
          ],
          "failures": [],
          "pending": [],
          "skipped": [],
          "duration": 1240,
          "root": false,
          "rootEmpty": false,
          "_timeout": 2000
        },
        {
          "uuid": "56d71f5a-11e7-45b5-9b2c-3ff89fda9637",
          "title": "8 - Crie a classe `magazine2`",
          "fullFile": "",
          "file": "",
          "beforeHooks": [],
          "afterHooks": [],
          "tests": [
            {
              "title": "Será validado se a classe `magazine2` possui a propriedade `background-image` igual a \"images/pink-pattern.png\"",
              "fullTitle": "8 - Crie a classe `magazine2` Será validado se a classe `magazine2` possui a propriedade `background-image` igual a \"images/pink-pattern.png\"",
              "timedOut": null,
              "duration": 285,
              "state": "passed",
              "speed": "slow",
              "pass": true,
              "fail": false,
              "pending": false,
              "context": null,
              "code": "var properties = [{\n  key: 'background-image',\n  value: 'images/pink-pattern.png',\n  match: true\n}];\ncheckClass('magazine2', properties);",
              "err": {},
              "uuid": "49fe91df-d76e-4c3f-bfb1-410b0ea0ab36",
              "parentUUID": "56d71f5a-11e7-45b5-9b2c-3ff89fda9637",
              "isHook": false,
              "skipped": false
            },
            {
              "title": "Será validado se a classe `magazine2` possui a propriedade `color` igual a rgb(255, 0, 255)",
              "fullTitle": "8 - Crie a classe `magazine2` Será validado se a classe `magazine2` possui a propriedade `color` igual a rgb(255, 0, 255)",
              "timedOut": null,
              "duration": 477,
              "state": "passed",
              "speed": "slow",
              "pass": true,
              "fail": false,
              "pending": false,
              "context": null,
              "code": "var properties = [{\n  key: 'color',\n  value: 'rgb(255, 0, 255)'\n}];\ncheckClass('magazine2', properties);",
              "err": {},
              "uuid": "13a4534d-59a5-4b88-afe6-a707526eae1b",
              "parentUUID": "56d71f5a-11e7-45b5-9b2c-3ff89fda9637",
              "isHook": false,
              "skipped": false
            },
            {
              "title": "Será validado se a classe `magazine2` possui a propriedade `font-family` igual a \"Verdana\"",
              "fullTitle": "8 - Crie a classe `magazine2` Será validado se a classe `magazine2` possui a propriedade `font-family` igual a \"Verdana\"",
              "timedOut": null,
              "duration": 303,
              "state": "passed",
              "speed": "slow",
              "pass": true,
              "fail": false,
              "pending": false,
              "context": null,
              "code": "var properties = [{\n  key: 'font-family',\n  value: 'Verdana',\n  match: true\n}];\ncheckClass('magazine2', properties);",
              "err": {},
              "uuid": "ec24eeb3-4eb4-4246-bccc-d7e02c555fe3",
              "parentUUID": "56d71f5a-11e7-45b5-9b2c-3ff89fda9637",
              "isHook": false,
              "skipped": false
            },
            {
              "title": "Será validado se a classe `magazine2` possui a propriedade `font-weight` igual a \"900\"",
              "fullTitle": "8 - Crie a classe `magazine2` Será validado se a classe `magazine2` possui a propriedade `font-weight` igual a \"900\"",
              "timedOut": null,
              "duration": 217,
              "state": "passed",
              "speed": "slow",
              "pass": true,
              "fail": false,
              "pending": false,
              "context": null,
              "code": "var properties = [{\n  key: 'font-weight',\n  value: '900'\n}];\ncheckClass('magazine2', properties);",
              "err": {},
              "uuid": "0baeb69d-b459-44c7-b08e-5bebf0207202",
              "parentUUID": "56d71f5a-11e7-45b5-9b2c-3ff89fda9637",
              "isHook": false,
              "skipped": false
            }
          ],
          "suites": [],
          "passes": [
            "49fe91df-d76e-4c3f-bfb1-410b0ea0ab36",
            "13a4534d-59a5-4b88-afe6-a707526eae1b",
            "ec24eeb3-4eb4-4246-bccc-d7e02c555fe3",
            "0baeb69d-b459-44c7-b08e-5bebf0207202"
          ],
          "failures": [],
          "pending": [],
          "skipped": [],
          "duration": 1282,
          "root": false,
          "rootEmpty": false,
          "_timeout": 2000
        },
        {
          "uuid": "54465a1b-8c9b-41f1-9036-2c52880636f6",
          "title": "9 - Crie a classe `medium`",
          "fullFile": "",
          "file": "",
          "beforeHooks": [],
          "afterHooks": [],
          "tests": [
            {
              "title": "Será validado se a classe `medium` possui a propriedade `font-size` igual a \"20px\"",
              "fullTitle": "9 - Crie a classe `medium` Será validado se a classe `medium` possui a propriedade `font-size` igual a \"20px\"",
              "timedOut": null,
              "duration": 171,
              "state": "passed",
              "speed": "slow",
              "pass": true,
              "fail": false,
              "pending": false,
              "context": null,
              "code": "var properties = [{\n  key: 'font-size',\n  value: '20px'\n}];\ncheckClass('medium', properties);",
              "err": {},
              "uuid": "7cf3d046-0344-408e-96ce-c725512c1f94",
              "parentUUID": "54465a1b-8c9b-41f1-9036-2c52880636f6",
              "isHook": false,
              "skipped": false
            },
            {
              "title": "Será validado se a classe `medium` possui a propriedade `padding` igual a \"8px\"",
              "fullTitle": "9 - Crie a classe `medium` Será validado se a classe `medium` possui a propriedade `padding` igual a \"8px\"",
              "timedOut": null,
              "duration": 209,
              "state": "passed",
              "speed": "slow",
              "pass": true,
              "fail": false,
              "pending": false,
              "context": null,
              "code": "var properties = [{\n  key: 'padding',\n  value: '8px'\n}];\ncheckClass('medium', properties);",
              "err": {},
              "uuid": "1cd3da26-12dd-466f-aa9e-fc7e0a9291fb",
              "parentUUID": "54465a1b-8c9b-41f1-9036-2c52880636f6",
              "isHook": false,
              "skipped": false
            }
          ],
          "suites": [],
          "passes": [
            "7cf3d046-0344-408e-96ce-c725512c1f94",
            "1cd3da26-12dd-466f-aa9e-fc7e0a9291fb"
          ],
          "failures": [],
          "pending": [],
          "skipped": [],
          "duration": 380,
          "root": false,
          "rootEmpty": false,
          "_timeout": 2000
        },
        {
          "uuid": "4adc03f0-b5c7-4188-bc61-bb60680d6dfc",
          "title": "10 - Crie a classe `big`",
          "fullFile": "",
          "file": "",
          "beforeHooks": [],
          "afterHooks": [],
          "tests": [
            {
              "title": "Será validado se a classe `big` possui a propriedade `font-size` igual a \"30px\"",
              "fullTitle": "10 - Crie a classe `big` Será validado se a classe `big` possui a propriedade `font-size` igual a \"30px\"",
              "timedOut": null,
              "duration": 300,
              "state": "passed",
              "speed": "slow",
              "pass": true,
              "fail": false,
              "pending": false,
              "context": null,
              "code": "var properties = [{\n  key: 'font-size',\n  value: '30px'\n}];\ncheckClass('big', properties);",
              "err": {},
              "uuid": "5d7c5375-6270-4b7c-96aa-b26edac3ebb9",
              "parentUUID": "4adc03f0-b5c7-4188-bc61-bb60680d6dfc",
              "isHook": false,
              "skipped": false
            },
            {
              "title": "Será validado se a classe `big` possui a propriedade `padding` igual a \"10px\"",
              "fullTitle": "10 - Crie a classe `big` Será validado se a classe `big` possui a propriedade `padding` igual a \"10px\"",
              "timedOut": null,
              "duration": 146,
              "state": "passed",
              "speed": "slow",
              "pass": true,
              "fail": false,
              "pending": false,
              "context": null,
              "code": "var properties = [{\n  key: 'padding',\n  value: '10px'\n}];\ncheckClass('big', properties);",
              "err": {},
              "uuid": "5a5ae2b0-e5dd-497c-9c21-9518e7bc9702",
              "parentUUID": "4adc03f0-b5c7-4188-bc61-bb60680d6dfc",
              "isHook": false,
              "skipped": false
            }
          ],
          "suites": [],
          "passes": [
            "5d7c5375-6270-4b7c-96aa-b26edac3ebb9",
            "5a5ae2b0-e5dd-497c-9c21-9518e7bc9702"
          ],
          "failures": [],
          "pending": [],
          "skipped": [],
          "duration": 446,
          "root": false,
          "rootEmpty": false,
          "_timeout": 2000
        },
        {
          "uuid": "f78d1843-1e64-4a52-82ec-61a35ad9461a",
          "title": "11 - Crie a classe `reallybig`",
          "fullFile": "",
          "file": "",
          "beforeHooks": [],
          "afterHooks": [],
          "tests": [
            {
              "title": "Será validado se a classe `reallybig` possui a propriedade `font-size` igual a \"40px\"",
              "fullTitle": "11 - Crie a classe `reallybig` Será validado se a classe `reallybig` possui a propriedade `font-size` igual a \"40px\"",
              "timedOut": null,
              "duration": 384,
              "state": "passed",
              "speed": "slow",
              "pass": true,
              "fail": false,
              "pending": false,
              "context": null,
              "code": "var properties = [{\n  key: 'font-size',\n  value: '40px'\n}];\ncheckClass('reallybig', properties);",
              "err": {},
              "uuid": "f90aa4c3-3965-41de-b31a-2da96794c6ab",
              "parentUUID": "f78d1843-1e64-4a52-82ec-61a35ad9461a",
              "isHook": false,
              "skipped": false
            },
            {
              "title": "Será validado se a classe `reallybig` possui a propriedade `padding` igual a \"15px\"",
              "fullTitle": "11 - Crie a classe `reallybig` Será validado se a classe `reallybig` possui a propriedade `padding` igual a \"15px\"",
              "timedOut": null,
              "duration": 204,
              "state": "passed",
              "speed": "slow",
              "pass": true,
              "fail": false,
              "pending": false,
              "context": null,
              "code": "var properties = [{\n  key: 'padding',\n  value: '15px'\n}];\ncheckClass('reallybig', properties);",
              "err": {},
              "uuid": "94bfbd5f-97d7-4abc-8db4-8c83aa749c03",
              "parentUUID": "f78d1843-1e64-4a52-82ec-61a35ad9461a",
              "isHook": false,
              "skipped": false
            }
          ],
          "suites": [],
          "passes": [
            "f90aa4c3-3965-41de-b31a-2da96794c6ab",
            "94bfbd5f-97d7-4abc-8db4-8c83aa749c03"
          ],
          "failures": [],
          "pending": [],
          "skipped": [],
          "duration": 588,
          "root": false,
          "rootEmpty": false,
          "_timeout": 2000
        },
        {
          "uuid": "d337efda-c5b1-4f75-869a-2a49fcfa391d",
          "title": "12 - Crie a classe `rotateleft`",
          "fullFile": "",
          "file": "",
          "beforeHooks": [],
          "afterHooks": [],
          "tests": [
            {
              "title": "Será validado se a classe `rotateleft` possui a propriedade `transform` igual a \"matrix(0.996195, -0.0871557, 0.0871557, 0.996195, 0, 0)\"",
              "fullTitle": "12 - Crie a classe `rotateleft` Será validado se a classe `rotateleft` possui a propriedade `transform` igual a \"matrix(0.996195, -0.0871557, 0.0871557, 0.996195, 0, 0)\"",
              "timedOut": null,
              "duration": 184,
              "state": "passed",
              "speed": "slow",
              "pass": true,
              "fail": false,
              "pending": false,
              "context": null,
              "code": "var properties = [{\n  key: 'transform',\n  value: 'matrix(0.996195, -0.0871557, 0.0871557, 0.996195, 0, 0)'\n}];\ncheckClass('rotateleft', properties);",
              "err": {},
              "uuid": "4fd7e37d-dc5c-4369-98fc-bd3a844eda5a",
              "parentUUID": "d337efda-c5b1-4f75-869a-2a49fcfa391d",
              "isHook": false,
              "skipped": false
            }
          ],
          "suites": [],
          "passes": [
            "4fd7e37d-dc5c-4369-98fc-bd3a844eda5a"
          ],
          "failures": [],
          "pending": [],
          "skipped": [],
          "duration": 184,
          "root": false,
          "rootEmpty": false,
          "_timeout": 2000
        },
        {
          "uuid": "01d7e743-2db6-4fcc-aac9-ce0d51b822e4",
          "title": "13 - Crie a classe `rotateright`",
          "fullFile": "",
          "file": "",
          "beforeHooks": [],
          "afterHooks": [],
          "tests": [
            {
              "title": "Será validado se a classe `rotateright` possui a propriedade `transform` igual a \"matrix(0.996195, 0.0871557, -0.0871557, 0.996195, 0, 0)\"",
              "fullTitle": "13 - Crie a classe `rotateright` Será validado se a classe `rotateright` possui a propriedade `transform` igual a \"matrix(0.996195, 0.0871557, -0.0871557, 0.996195, 0, 0)\"",
              "timedOut": null,
              "duration": 202,
              "state": "passed",
              "speed": "slow",
              "pass": true,
              "fail": false,
              "pending": false,
              "context": null,
              "code": "var properties = [{\n  key: 'transform',\n  value: 'matrix(0.996195, 0.0871557, -0.0871557, 0.996195, 0, 0)'\n}];\ncheckClass('rotateright', properties);",
              "err": {},
              "uuid": "b5ca292d-2066-4f23-a344-e0a81a149563",
              "parentUUID": "01d7e743-2db6-4fcc-aac9-ce0d51b822e4",
              "isHook": false,
              "skipped": false
            }
          ],
          "suites": [],
          "passes": [
            "b5ca292d-2066-4f23-a344-e0a81a149563"
          ],
          "failures": [],
          "pending": [],
          "skipped": [],
          "duration": 202,
          "root": false,
          "rootEmpty": false,
          "_timeout": 2000
        },
        {
          "uuid": "369edb96-da17-488b-9095-7e272517b787",
          "title": "14 - Crie a classe `skewleft`",
          "fullFile": "",
          "file": "",
          "beforeHooks": [],
          "afterHooks": [],
          "tests": [
            {
              "title": "Será validado se a classe `skewleft` possui a propriedade `transform` igual a \"matrix(1, 0, 0.176327, 1, 0, 0)\"",
              "fullTitle": "14 - Crie a classe `skewleft` Será validado se a classe `skewleft` possui a propriedade `transform` igual a \"matrix(1, 0, 0.176327, 1, 0, 0)\"",
              "timedOut": null,
              "duration": 186,
              "state": "passed",
              "speed": "slow",
              "pass": true,
              "fail": false,
              "pending": false,
              "context": null,
              "code": "var properties = [{\n  key: 'transform',\n  value: 'matrix(1, 0, 0.176327, 1, 0, 0)'\n}];\ncheckClass('skewleft', properties);",
              "err": {},
              "uuid": "04da0119-b37b-4814-b394-78889bb4cd11",
              "parentUUID": "369edb96-da17-488b-9095-7e272517b787",
              "isHook": false,
              "skipped": false
            }
          ],
          "suites": [],
          "passes": [
            "04da0119-b37b-4814-b394-78889bb4cd11"
          ],
          "failures": [],
          "pending": [],
          "skipped": [],
          "duration": 186,
          "root": false,
          "rootEmpty": false,
          "_timeout": 2000
        },
        {
          "uuid": "44a01e34-0696-4357-8e21-4cf159749256",
          "title": "15 - Crie a classe `skewright`",
          "fullFile": "",
          "file": "",
          "beforeHooks": [],
          "afterHooks": [],
          "tests": [
            {
              "title": "erá validado se a classe `skewright` possui a propriedade `transform` igual a \"matrix(1, 0, -0.176327, 1, 0, 0)\"",
              "fullTitle": "15 - Crie a classe `skewright` erá validado se a classe `skewright` possui a propriedade `transform` igual a \"matrix(1, 0, -0.176327, 1, 0, 0)\"",
              "timedOut": null,
              "duration": 215,
              "state": "passed",
              "speed": "slow",
              "pass": true,
              "fail": false,
              "pending": false,
              "context": null,
              "code": "var properties = [{\n  key: 'transform',\n  value: 'matrix(1, 0, -0.176327, 1, 0, 0)'\n}];\ncheckClass('skewright', properties);",
              "err": {},
              "uuid": "b15ab88b-cad9-4d9e-b1e6-fe9c749565ce",
              "parentUUID": "44a01e34-0696-4357-8e21-4cf159749256",
              "isHook": false,
              "skipped": false
            }
          ],
          "suites": [],
          "passes": [
            "b15ab88b-cad9-4d9e-b1e6-fe9c749565ce"
          ],
          "failures": [],
          "pending": [],
          "skipped": [],
          "duration": 215,
          "root": false,
          "rootEmpty": false,
          "_timeout": 2000
        },
        {
          "uuid": "030ff4a1-6b92-4a97-8d39-bc639f43a98d",
          "title": "16 - Adicione as classes de forma aleatória a fim de estilizar as palavras.",
          "fullFile": "",
          "file": "",
          "beforeHooks": [],
          "afterHooks": [],
          "tests": [
            {
              "title": "Será validado se ao criar uma carta ela recebe uma lista de classes aleatórias",
              "fullTitle": "16 - Adicione as classes de forma aleatória a fim de estilizar as palavras. Será validado se ao criar uma carta ela recebe uma lista de classes aleatórias",
              "timedOut": null,
              "duration": 10627,
              "state": "failed",
              "speed": null,
              "pass": false,
              "fail": true,
              "pending": false,
              "context": null,
              "code": "createLetter(letterContent);\ncy.get(LETTER_GENERATED_SPANS_SELECTOR).then(function ($el) {\n  $el.each(function (_index, span) {\n    var klasses = span.className.split(WORDS_SPLIT_CHARACTER);\n    expect(ALLOWED_CLASSES).to.include.members(klasses);\n    first.push.apply(first, (0, _toConsumableArray2[\"default\"])(klasses));\n  });\n});",
              "err": {
                "message": "CypressError: Timed out retrying: Expected to find element: 'p#carta-gerada>span', but never found it.",
                "estack": "CypressError: Timed out retrying: Expected to find element: 'p#carta-gerada>span', but never found it.\n    at cypressErr (http://localhost:36951/__cypress/runner/cypress_runner.js:149934:9)\n    at throwErr (http://localhost:36951/__cypress/runner/cypress_runner.js:149867:11)\n    at Object.throwErrByPath (http://localhost:36951/__cypress/runner/cypress_runner.js:149915:3)\n    at retry (http://localhost:36951/__cypress/runner/cypress_runner.js:144197:19)\n    at onFailFn (http://localhost:36951/__cypress/runner/cypress_runner.js:132448:16)\n    at tryCatcher (http://localhost:36951/__cypress/runner/cypress_runner.js:167415:23)\n    at Promise._settlePromiseFromHandler (http://localhost:36951/__cypress/runner/cypress_runner.js:165351:31)\n    at Promise._settlePromise (http://localhost:36951/__cypress/runner/cypress_runner.js:165408:18)\n    at Promise._settlePromise0 (http://localhost:36951/__cypress/runner/cypress_runner.js:165453:10)\n    at Promise._settlePromises (http://localhost:36951/__cypress/runner/cypress_runner.js:165528:18)\n    at Async../node_modules/bluebird/js/release/async.js.Async._drainQueue (http://localhost:36951/__cypress/runner/cypress_runner.js:162140:16)\n    at Async../node_modules/bluebird/js/release/async.js.Async._drainQueues (http://localhost:36951/__cypress/runner/cypress_runner.js:162150:10)\n    at Async.drainQueues (http://localhost:36951/__cypress/runner/cypress_runner.js:162024:14)",
                "diff": null
              },
              "uuid": "84426d1c-72d2-4ac6-a41a-5b637b26927f",
              "parentUUID": "030ff4a1-6b92-4a97-8d39-bc639f43a98d",
              "isHook": false,
              "skipped": false
            },
            {
              "title": "Será validado se ao criar uma segunda carta ela recebe uma lista de classes aleatórias",
              "fullTitle": "16 - Adicione as classes de forma aleatória a fim de estilizar as palavras. Será validado se ao criar uma segunda carta ela recebe uma lista de classes aleatórias",
              "timedOut": null,
              "duration": 11837,
              "state": "failed",
              "speed": null,
              "pass": false,
              "fail": true,
              "pending": false,
              "context": null,
              "code": "createLetter(letterContent);\ncy.get(LETTER_GENERATED_SPANS_SELECTOR).then(function ($el) {\n  $el.each(function (_index, span) {\n    var klasses = span.className.split(WORDS_SPLIT_CHARACTER);\n    expect(ALLOWED_CLASSES).to.include.members(klasses);\n    second.push.apply(second, (0, _toConsumableArray2[\"default\"])(klasses));\n  });\n});",
              "err": {
                "message": "CypressError: Timed out retrying: Expected to find element: 'p#carta-gerada>span', but never found it.",
                "estack": "CypressError: Timed out retrying: Expected to find element: 'p#carta-gerada>span', but never found it.\n    at cypressErr (http://localhost:36951/__cypress/runner/cypress_runner.js:149934:9)\n    at throwErr (http://localhost:36951/__cypress/runner/cypress_runner.js:149867:11)\n    at Object.throwErrByPath (http://localhost:36951/__cypress/runner/cypress_runner.js:149915:3)\n    at retry (http://localhost:36951/__cypress/runner/cypress_runner.js:144197:19)\n    at onFailFn (http://localhost:36951/__cypress/runner/cypress_runner.js:132448:16)\n    at tryCatcher (http://localhost:36951/__cypress/runner/cypress_runner.js:167415:23)\n    at Promise._settlePromiseFromHandler (http://localhost:36951/__cypress/runner/cypress_runner.js:165351:31)\n    at Promise._settlePromise (http://localhost:36951/__cypress/runner/cypress_runner.js:165408:18)\n    at Promise._settlePromise0 (http://localhost:36951/__cypress/runner/cypress_runner.js:165453:10)\n    at Promise._settlePromises (http://localhost:36951/__cypress/runner/cypress_runner.js:165528:18)\n    at Async../node_modules/bluebird/js/release/async.js.Async._drainQueue (http://localhost:36951/__cypress/runner/cypress_runner.js:162140:16)\n    at Async../node_modules/bluebird/js/release/async.js.Async._drainQueues (http://localhost:36951/__cypress/runner/cypress_runner.js:162150:10)\n    at Async.drainQueues (http://localhost:36951/__cypress/runner/cypress_runner.js:162024:14)",
                "diff": null
              },
              "uuid": "6b0ba2d7-9623-4857-9713-e5f726a6f1ed",
              "parentUUID": "030ff4a1-6b92-4a97-8d39-bc639f43a98d",
              "isHook": false,
              "skipped": false
            },
            {
              "title": "Será validado se as classes das duas cartas não são exatamente iguais",
              "fullTitle": "16 - Adicione as classes de forma aleatória a fim de estilizar as palavras. Será validado se as classes das duas cartas não são exatamente iguais",
              "timedOut": null,
              "duration": 4108,
              "state": "failed",
              "speed": null,
              "pass": false,
              "fail": true,
              "pending": false,
              "context": null,
              "code": "expect(first).to.not.deep.equal(second);",
              "err": {
                "message": "AssertionError: expected [] to not deeply equal []",
                "estack": "AssertionError: expected [] to not deeply equal []\n    at Context.runnable.fn (http://localhost:36951/__cypress/runner/cypress_runner.js:149160:24)\n    at callFn (http://localhost:36951/__cypress/runner/cypress_runner.js:92302:21)\n    at http://localhost:36951/__cypress/runner/cypress_runner.js:152489:28\n    at PassThroughHandlerContext.finallyHandler (http://localhost:36951/__cypress/runner/cypress_runner.js:163970:23)\n    at PassThroughHandlerContext.tryCatcher (http://localhost:36951/__cypress/runner/cypress_runner.js:167415:23)\n    at Promise._settlePromiseFromHandler (http://localhost:36951/__cypress/runner/cypress_runner.js:165351:31)\n    at Promise._settlePromise (http://localhost:36951/__cypress/runner/cypress_runner.js:165408:18)\n    at Promise._settlePromise0 (http://localhost:36951/__cypress/runner/cypress_runner.js:165453:10)\n    at Promise._settlePromises (http://localhost:36951/__cypress/runner/cypress_runner.js:165532:18)\n    at Async../node_modules/bluebird/js/release/async.js.Async._drainQueue (http://localhost:36951/__cypress/runner/cypress_runner.js:162140:16)\n    at Async../node_modules/bluebird/js/release/async.js.Async._drainQueues (http://localhost:36951/__cypress/runner/cypress_runner.js:162150:10)\n    at Async.drainQueues (http://localhost:36951/__cypress/runner/cypress_runner.js:162024:14)",
                "diff": ""
              },
              "uuid": "d32150c7-beec-4cc5-816f-b83220789218",
              "parentUUID": "030ff4a1-6b92-4a97-8d39-bc639f43a98d",
              "isHook": false,
              "skipped": false
            }
          ],
          "suites": [],
          "passes": [],
          "failures": [
            "84426d1c-72d2-4ac6-a41a-5b637b26927f",
            "6b0ba2d7-9623-4857-9713-e5f726a6f1ed",
            "d32150c7-beec-4cc5-816f-b83220789218"
          ],
          "pending": [],
          "skipped": [],
          "duration": 26572,
          "root": false,
          "rootEmpty": false,
          "_timeout": 2000
        },
        {
          "uuid": "472c3f77-de63-4bd4-8b00-48fb8eff29ae",
          "title": "17 - Com uma carta misteriosa gerada, adicione a possibilidade de alterar o estilo de uma palavra específica ao clicar nela",
          "fullFile": "",
          "file": "",
          "beforeHooks": [],
          "afterHooks": [],
          "tests": [
            {
              "title": "Será validado se ao clicar em uma carta uma nova lista aleatória de classes é gerada",
              "fullTitle": "17 - Com uma carta misteriosa gerada, adicione a possibilidade de alterar o estilo de uma palavra específica ao clicar nela Será validado se ao clicar em uma carta uma nova lista aleatória de classes é gerada",
              "timedOut": null,
              "duration": 8087,
              "state": "failed",
              "speed": null,
              "pass": false,
              "fail": true,
              "pending": false,
              "context": null,
              "code": "cy.get(wordSelector).then(function ($el) {\n  var span = $el[0];\n  var klasses = span.classList;\n  first.push.apply(first, (0, _toConsumableArray2[\"default\"])(klasses));\n  expect(first.length).to.be.equal(4);\n  cy.get(wordSelector).click().then(function ($elem) {\n    var span = $elem[0];\n    var secondKlasses = span.classList;\n    second.push.apply(second, (0, _toConsumableArray2[\"default\"])(secondKlasses));\n    expect(first).to.not.deep.equal(second);\n  });\n});",
              "err": {
                "message": "CypressError: Timed out retrying: Expected to find element: 'p#carta-gerada>span:nth-child(4)', but never found it.",
                "estack": "CypressError: Timed out retrying: Expected to find element: 'p#carta-gerada>span:nth-child(4)', but never found it.\n    at cypressErr (http://localhost:36951/__cypress/runner/cypress_runner.js:149934:9)\n    at throwErr (http://localhost:36951/__cypress/runner/cypress_runner.js:149867:11)\n    at Object.throwErrByPath (http://localhost:36951/__cypress/runner/cypress_runner.js:149915:3)\n    at retry (http://localhost:36951/__cypress/runner/cypress_runner.js:144197:19)\n    at onFailFn (http://localhost:36951/__cypress/runner/cypress_runner.js:132448:16)\n    at tryCatcher (http://localhost:36951/__cypress/runner/cypress_runner.js:167415:23)\n    at Promise._settlePromiseFromHandler (http://localhost:36951/__cypress/runner/cypress_runner.js:165351:31)\n    at Promise._settlePromise (http://localhost:36951/__cypress/runner/cypress_runner.js:165408:18)\n    at Promise._settlePromise0 (http://localhost:36951/__cypress/runner/cypress_runner.js:165453:10)\n    at Promise._settlePromises (http://localhost:36951/__cypress/runner/cypress_runner.js:165528:18)\n    at Async../node_modules/bluebird/js/release/async.js.Async._drainQueue (http://localhost:36951/__cypress/runner/cypress_runner.js:162140:16)\n    at Async../node_modules/bluebird/js/release/async.js.Async._drainQueues (http://localhost:36951/__cypress/runner/cypress_runner.js:162150:10)\n    at Async.drainQueues (http://localhost:36951/__cypress/runner/cypress_runner.js:162024:14)",
                "diff": null
              },
              "uuid": "419307ea-28c8-41e2-81ac-68496d4399a6",
              "parentUUID": "472c3f77-de63-4bd4-8b00-48fb8eff29ae",
              "isHook": false,
              "skipped": false
            },
            {
              "title": "Será validado se ao clicar novamente na mesma carta uma nova lista aleatória de classes é gerada e se a nova lista é diferente da lista anterior",
              "fullTitle": "17 - Com uma carta misteriosa gerada, adicione a possibilidade de alterar o estilo de uma palavra específica ao clicar nela Será validado se ao clicar novamente na mesma carta uma nova lista aleatória de classes é gerada e se a nova lista é diferente da lista anterior",
              "timedOut": null,
              "duration": 8374,
              "state": "failed",
              "speed": null,
              "pass": false,
              "fail": true,
              "pending": false,
              "context": null,
              "code": "cy.get(wordSelector).click().then(function ($elem) {\n  var span = $elem[0];\n  var thirdKlasses = span.classList;\n  third.push.apply(third, (0, _toConsumableArray2[\"default\"])(thirdKlasses));\n  expect(second).to.not.deep.equal(third);\n  expect(second.length).to.be.equal(4);\n  expect(third.length).to.be.equal(4);\n});",
              "err": {
                "message": "CypressError: Timed out retrying: Expected to find element: 'p#carta-gerada>span:nth-child(4)', but never found it.",
                "estack": "CypressError: Timed out retrying: Expected to find element: 'p#carta-gerada>span:nth-child(4)', but never found it.\n    at cypressErr (http://localhost:36951/__cypress/runner/cypress_runner.js:149934:9)\n    at throwErr (http://localhost:36951/__cypress/runner/cypress_runner.js:149867:11)\n    at Object.throwErrByPath (http://localhost:36951/__cypress/runner/cypress_runner.js:149915:3)\n    at retry (http://localhost:36951/__cypress/runner/cypress_runner.js:144197:19)\n    at onFailFn (http://localhost:36951/__cypress/runner/cypress_runner.js:132448:16)\n    at tryCatcher (http://localhost:36951/__cypress/runner/cypress_runner.js:167415:23)\n    at Promise._settlePromiseFromHandler (http://localhost:36951/__cypress/runner/cypress_runner.js:165351:31)\n    at Promise._settlePromise (http://localhost:36951/__cypress/runner/cypress_runner.js:165408:18)\n    at Promise._settlePromise0 (http://localhost:36951/__cypress/runner/cypress_runner.js:165453:10)\n    at Promise._settlePromises (http://localhost:36951/__cypress/runner/cypress_runner.js:165528:18)\n    at Async../node_modules/bluebird/js/release/async.js.Async._drainQueue (http://localhost:36951/__cypress/runner/cypress_runner.js:162140:16)\n    at Async../node_modules/bluebird/js/release/async.js.Async._drainQueues (http://localhost:36951/__cypress/runner/cypress_runner.js:162150:10)\n    at Async.drainQueues (http://localhost:36951/__cypress/runner/cypress_runner.js:162024:14)",
                "diff": null
              },
              "uuid": "38007434-4abd-4e70-b33e-ea89732f2fba",
              "parentUUID": "472c3f77-de63-4bd4-8b00-48fb8eff29ae",
              "isHook": false,
              "skipped": false
            }
          ],
          "suites": [],
          "passes": [],
          "failures": [
            "419307ea-28c8-41e2-81ac-68496d4399a6",
            "38007434-4abd-4e70-b33e-ea89732f2fba"
          ],
          "pending": [],
          "skipped": [],
          "duration": 16461,
          "root": false,
          "rootEmpty": false,
          "_timeout": 2000
        },
        {
          "uuid": "d0cb9f15-59fd-4357-971d-b3abe684a1e4",
          "title": "18 - Deve haver um parágrafo com o id=\"carta-contador\" onde existirá um contador de palavras",
          "fullFile": "",
          "file": "",
          "beforeHooks": [],
          "afterHooks": [],
          "tests": [
            {
              "title": "Será validado que existe um elemento `p` com o `id=\"carta-contador\"`",
              "fullTitle": "18 - Deve haver um parágrafo com o id=\"carta-contador\" onde existirá um contador de palavras Será validado que existe um elemento `p` com o `id=\"carta-contador\"`",
              "timedOut": null,
              "duration": 6404,
              "state": "failed",
              "speed": null,
              "pass": false,
              "fail": true,
              "pending": false,
              "context": null,
              "code": "cy.get(LETTER_COUNTER_P_SELECTOR).should('exist');",
              "err": {
                "message": "CypressError: Timed out retrying: Expected to find element: 'p#carta-contador', but never found it.",
                "estack": "CypressError: Timed out retrying: Expected to find element: 'p#carta-contador', but never found it.\n    at cypressErr (http://localhost:36951/__cypress/runner/cypress_runner.js:149934:9)\n    at throwErr (http://localhost:36951/__cypress/runner/cypress_runner.js:149867:11)\n    at Object.throwErrByPath (http://localhost:36951/__cypress/runner/cypress_runner.js:149915:3)\n    at retry (http://localhost:36951/__cypress/runner/cypress_runner.js:144197:19)\n    at onFailFn (http://localhost:36951/__cypress/runner/cypress_runner.js:132448:16)\n    at tryCatcher (http://localhost:36951/__cypress/runner/cypress_runner.js:167415:23)\n    at Promise._settlePromiseFromHandler (http://localhost:36951/__cypress/runner/cypress_runner.js:165351:31)\n    at Promise._settlePromise (http://localhost:36951/__cypress/runner/cypress_runner.js:165408:18)\n    at Promise._settlePromise0 (http://localhost:36951/__cypress/runner/cypress_runner.js:165453:10)\n    at Promise._settlePromises (http://localhost:36951/__cypress/runner/cypress_runner.js:165528:18)\n    at Async../node_modules/bluebird/js/release/async.js.Async._drainQueue (http://localhost:36951/__cypress/runner/cypress_runner.js:162140:16)\n    at Async../node_modules/bluebird/js/release/async.js.Async._drainQueues (http://localhost:36951/__cypress/runner/cypress_runner.js:162150:10)\n    at Async.drainQueues (http://localhost:36951/__cypress/runner/cypress_runner.js:162024:14)",
                "diff": null
              },
              "uuid": "3bb529c4-c53c-4c70-bf1b-4cc3b27efdd5",
              "parentUUID": "d0cb9f15-59fd-4357-971d-b3abe684a1e4",
              "isHook": false,
              "skipped": false
            },
            {
              "title": "Será validado se ao criar uma carta o elemento `p` com o `id=\"carta-contador\"  é atualizado com o número de palavras da carta (valor numérico).",
              "fullTitle": "18 - Deve haver um parágrafo com o id=\"carta-contador\" onde existirá um contador de palavras Será validado se ao criar uma carta o elemento `p` com o `id=\"carta-contador\"  é atualizado com o número de palavras da carta (valor numérico).",
              "timedOut": null,
              "duration": 10980,
              "state": "failed",
              "speed": null,
              "pass": false,
              "fail": true,
              "pending": false,
              "context": null,
              "code": "var letterContent1 = 'esta é uma carta com 7 palavras';\nvar letter1Counter = letterContent1.split(WORDS_SPLIT_CHARACTER).length;\ncreateLetter(letterContent1);\ncy.get(LETTER_COUNTER_P_SELECTOR).should('have.text', letter1Counter.toString());\nvar letterContent2 = 'esta é uma carta com 2 palavras a mais';\nvar letter2Counter = letterContent2.split(WORDS_SPLIT_CHARACTER).length;\ncreateLetter(letterContent2);\ncy.get(LETTER_COUNTER_P_SELECTOR).should('have.text', letter2Counter.toString());",
              "err": {
                "message": "CypressError: Timed out retrying: Expected to find element: 'p#carta-contador', but never found it.",
                "estack": "CypressError: Timed out retrying: Expected to find element: 'p#carta-contador', but never found it.\n    at cypressErr (http://localhost:36951/__cypress/runner/cypress_runner.js:149934:9)\n    at throwErr (http://localhost:36951/__cypress/runner/cypress_runner.js:149867:11)\n    at Object.throwErrByPath (http://localhost:36951/__cypress/runner/cypress_runner.js:149915:3)\n    at retry (http://localhost:36951/__cypress/runner/cypress_runner.js:144197:19)\n    at onFailFn (http://localhost:36951/__cypress/runner/cypress_runner.js:132448:16)\n    at tryCatcher (http://localhost:36951/__cypress/runner/cypress_runner.js:167415:23)\n    at Promise._settlePromiseFromHandler (http://localhost:36951/__cypress/runner/cypress_runner.js:165351:31)\n    at Promise._settlePromise (http://localhost:36951/__cypress/runner/cypress_runner.js:165408:18)\n    at Promise._settlePromise0 (http://localhost:36951/__cypress/runner/cypress_runner.js:165453:10)\n    at Promise._settlePromises (http://localhost:36951/__cypress/runner/cypress_runner.js:165528:18)\n    at Async../node_modules/bluebird/js/release/async.js.Async._drainQueue (http://localhost:36951/__cypress/runner/cypress_runner.js:162140:16)\n    at Async../node_modules/bluebird/js/release/async.js.Async._drainQueues (http://localhost:36951/__cypress/runner/cypress_runner.js:162150:10)\n    at Async.drainQueues (http://localhost:36951/__cypress/runner/cypress_runner.js:162024:14)",
                "diff": null
              },
              "uuid": "669ec050-a7ec-4c84-a241-f96a747b241f",
              "parentUUID": "d0cb9f15-59fd-4357-971d-b3abe684a1e4",
              "isHook": false,
              "skipped": false
            }
          ],
          "suites": [],
          "passes": [],
          "failures": [
            "3bb529c4-c53c-4c70-bf1b-4cc3b27efdd5",
            "669ec050-a7ec-4c84-a241-f96a747b241f"
          ],
          "pending": [],
          "skipped": [],
          "duration": 17384,
          "root": false,
          "rootEmpty": false,
          "_timeout": 2000
        }
      ],
      "passes": [],
      "failures": [],
      "pending": [],
      "skipped": [],
      "duration": 0,
      "root": true,
      "rootEmpty": true,
      "_timeout": 2000
    }
  ],
  "meta": {
    "mocha": {
      "version": "7.0.1"
    },
    "mochawesome": {
      "options": {
        "quiet": false,
        "reportFilename": "mochawesome",
        "saveHtml": false,
        "saveJson": true,
        "consoleReporter": "spec",
        "useInlineDiffs": false
      },
      "version": "4.1.0"
    },
    "marge": {
      "options": {
        "id": "default",
        "reportDir": "cypress/reports",
        "overwrite": true,
        "html": false,
        "json": true
      },
      "version": "4.1.0"
    }
  }
}